TN:
SF:src/Trabalho01Tumar01.js
FN:2,(anonymous_0)
FN:6,(anonymous_1)
FN:13,(anonymous_2)
FN:14,(anonymous_3)
FN:17,(anonymous_4)
FN:18,(anonymous_5)
FN:21,(anonymous_6)
FN:22,(anonymous_7)
FN:28,(anonymous_8)
FN:32,(anonymous_9)
FN:36,(anonymous_10)
FN:43,(anonymous_11)
FN:44,(anonymous_12)
FN:47,(anonymous_13)
FN:48,(anonymous_14)
FN:51,(anonymous_15)
FN:52,(anonymous_16)
FN:55,(anonymous_17)
FN:56,(anonymous_18)
FN:59,(anonymous_19)
FN:67,(anonymous_20)
FN:70,(anonymous_21)
FN:74,(anonymous_22)
FN:75,(anonymous_23)
FN:78,(anonymous_24)
FN:79,(anonymous_25)
FN:82,(anonymous_26)
FN:89,(anonymous_27)
FN:90,(anonymous_28)
FN:93,(anonymous_29)
FN:94,(anonymous_30)
FN:97,(anonymous_31)
FN:98,(anonymous_32)
FN:103,(anonymous_33)
FN:110,(anonymous_34)
FN:111,(anonymous_35)
FN:114,(anonymous_36)
FN:115,(anonymous_37)
FNF:38
FNH:33
FNDA:19,(anonymous_0)
FNDA:29,(anonymous_1)
FNDA:1,(anonymous_2)
FNDA:1,(anonymous_3)
FNDA:11,(anonymous_4)
FNDA:11,(anonymous_5)
FNDA:1,(anonymous_6)
FNDA:1,(anonymous_7)
FNDA:4,(anonymous_8)
FNDA:1,(anonymous_9)
FNDA:1,(anonymous_10)
FNDA:1,(anonymous_11)
FNDA:2,(anonymous_12)
FNDA:1,(anonymous_13)
FNDA:2,(anonymous_14)
FNDA:1,(anonymous_15)
FNDA:2,(anonymous_16)
FNDA:1,(anonymous_17)
FNDA:2,(anonymous_18)
FNDA:2,(anonymous_19)
FNDA:1,(anonymous_20)
FNDA:2,(anonymous_21)
FNDA:1,(anonymous_22)
FNDA:2,(anonymous_23)
FNDA:1,(anonymous_24)
FNDA:1,(anonymous_25)
FNDA:1,(anonymous_26)
FNDA:1,(anonymous_27)
FNDA:2,(anonymous_28)
FNDA:1,(anonymous_29)
FNDA:2,(anonymous_30)
FNDA:1,(anonymous_31)
FNDA:2,(anonymous_32)
FNDA:0,(anonymous_33)
FNDA:0,(anonymous_34)
FNDA:0,(anonymous_35)
FNDA:0,(anonymous_36)
FNDA:0,(anonymous_37)
DA:3,19
DA:7,29
DA:8,1
DA:10,28
DA:14,1
DA:18,11
DA:22,1
DA:23,1
DA:24,1
DA:29,4
DA:33,1
DA:37,1
DA:38,1
DA:39,1
DA:44,2
DA:48,2
DA:52,2
DA:56,2
DA:60,2
DA:61,2
DA:62,2
DA:63,2
DA:68,1
DA:69,1
DA:70,2
DA:75,2
DA:79,1
DA:83,1
DA:84,1
DA:85,1
DA:90,2
DA:94,2
DA:98,1
DA:99,2
DA:104,0
DA:105,0
DA:106,0
DA:111,0
DA:115,0
DA:119,1
LF:40
LH:35
BRDA:7,0,0,1
BRDA:7,0,1,28
BRDA:23,1,0,1
BRDA:23,1,1,0
BRDA:38,2,0,1
BRDA:38,2,1,0
BRDA:61,3,0,2
BRDA:61,3,1,0
BRDA:62,4,0,2
BRDA:62,4,1,1
BRDA:69,5,0,1
BRDA:69,5,1,0
BRDA:69,6,0,1
BRDA:69,6,1,1
BRDA:75,7,0,2
BRDA:75,7,1,2
BRDA:84,8,0,1
BRDA:84,8,1,0
BRDA:105,9,0,0
BRDA:105,9,1,0
BRF:20
BRH:13
end_of_record
